# JRE version: OpenJDK Runtime Environment (17.0.11) (build 17.0.11+0--11852314)
# Java VM: OpenJDK 64-Bit Server VM (17.0.11+0--11852314, mixed mode, tiered, compressed oops, compressed class ptrs, g1 gc, windows-amd64)
GC Precious Log:
 CPUs: 8 total, 8 available
 Memory: 5877M
 Large Page Support: Disabled
 NUMA Support: Disabled
 Compressed Oops: Enabled (32-bit)
 Heap Region Size: 1M
 Heap Min Capacity: 8M
 Heap Initial Capacity: 92M
 Heap Max Capacity: 1470M
 Pre-touch: Disabled
 Parallel Workers: 8
 Concurrent Workers: 2
 Concurrent Refinement Workers: 8
 Periodic GC: Disabled
Heap:
 garbage-first heap   total 98304K, used 65253K [0x00000000a4200000, 0x0000000100000000)
  region size 1024K, 22 young (22528K), 2 survivors (2048K)
 Metaspace       used 63582K, committed 63872K, reserved 1114112K
  class space    used 7364K, committed 7488K, reserved 1048576K
GC Heap History (20 events):
Event: 2.047 GC heap before
{Heap before GC invocations=6 (full 0):
 garbage-first heap   total 40960K, used 31987K [0x00000000a4200000, 0x0000000100000000)
  region size 1024K, 13 young (13312K), 2 survivors (2048K)
 Metaspace       used 32749K, committed 33024K, reserved 1114112K
  class space    used 4171K, committed 4288K, reserved 1048576K
}
Event: 2.054 GC heap after
{Heap after GC invocations=7 (full 0):
 garbage-first heap   total 62464K, used 23145K [0x00000000a4200000, 0x0000000100000000)
  region size 1024K, 2 young (2048K), 2 survivors (2048K)
 Metaspace       used 32749K, committed 33024K, reserved 1114112K
  class space    used 4171K, committed 4288K, reserved 1048576K
}
Event: 2.348 GC heap before
{Heap before GC invocations=8 (full 0):
 garbage-first heap   total 62464K, used 43625K [0x00000000a4200000, 0x0000000100000000)
  region size 1024K, 22 young (22528K), 2 survivors (2048K)
 Metaspace       used 37134K, committed 37376K, reserved 1114112K
  class space    used 4674K, committed 4800K, reserved 1048576K
}
Event: 2.355 GC heap after
{Heap after GC invocations=9 (full 0):
 garbage-first heap   total 62464K, used 23897K [0x00000000a4200000, 0x0000000100000000)
  region size 1024K, 3 young (3072K), 3 survivors (3072K)
 Metaspace       used 37134K, committed 37376K, reserved 1114112K
  class space    used 4674K, committed 4800K, reserved 1048576K
}
Event: 2.705 GC heap before
{Heap before GC invocations=9 (full 0):
 garbage-first heap   total 62464K, used 43353K [0x00000000a4200000, 0x0000000100000000)
  region size 1024K, 23 young (23552K), 3 survivors (3072K)
 Metaspace       used 41329K, committed 41536K, reserved 1114112K
  class space    used 5039K, committed 5120K, reserved 1048576K
}
Event: 2.712 GC heap after
{Heap after GC invocations=10 (full 0):
 garbage-first heap   total 62464K, used 26441K [0x00000000a4200000, 0x0000000100000000)
  region size 1024K, 3 young (3072K), 3 survivors (3072K)
 Metaspace       used 41329K, committed 41536K, reserved 1114112K
  class space    used 5039K, committed 5120K, reserved 1048576K
}
Event: 3.047 GC heap before
{Heap before GC invocations=10 (full 0):
 garbage-first heap   total 62464K, used 45897K [0x00000000a4200000, 0x0000000100000000)
  region size 1024K, 22 young (22528K), 3 survivors (3072K)
 Metaspace       used 46056K, committed 46272K, reserved 1114112K
  class space    used 5625K, committed 5696K, reserved 1048576K
}
Event: 3.053 GC heap after
{Heap after GC invocations=11 (full 0):
 garbage-first heap   total 62464K, used 27531K [0x00000000a4200000, 0x0000000100000000)
  region size 1024K, 2 young (2048K), 2 survivors (2048K)
 Metaspace       used 46056K, committed 46272K, reserved 1114112K
  class space    used 5625K, committed 5696K, reserved 1048576K
}
Event: 3.438 GC heap before
{Heap before GC invocations=11 (full 0):
 garbage-first heap   total 62464K, used 49035K [0x00000000a4200000, 0x0000000100000000)
  region size 1024K, 21 young (21504K), 2 survivors (2048K)
 Metaspace       used 49223K, committed 49408K, reserved 1114112K
  class space    used 5977K, committed 6080K, reserved 1048576K
}
Event: 3.448 GC heap after
{Heap after GC invocations=12 (full 0):
 garbage-first heap   total 75776K, used 32768K [0x00000000a4200000, 0x0000000100000000)
  region size 1024K, 3 young (3072K), 3 survivors (3072K)
 Metaspace       used 49223K, committed 49408K, reserved 1114112K
  class space    used 5977K, committed 6080K, reserved 1048576K
}
Event: 4.033 GC heap before
{Heap before GC invocations=12 (full 0):
 garbage-first heap   total 75776K, used 57344K [0x00000000a4200000, 0x0000000100000000)
  region size 1024K, 27 young (27648K), 3 survivors (3072K)
 Metaspace       used 51540K, committed 51776K, reserved 1114112K
  class space    used 6157K, committed 6272K, reserved 1048576K
}
Event: 4.044 GC heap after
{Heap after GC invocations=13 (full 0):
 garbage-first heap   total 75776K, used 37014K [0x00000000a4200000, 0x0000000100000000)
  region size 1024K, 4 young (4096K), 4 survivors (4096K)
 Metaspace       used 51540K, committed 51776K, reserved 1114112K
  class space    used 6157K, committed 6272K, reserved 1048576K
}
Event: 4.162 GC heap before
{Heap before GC invocations=13 (full 0):
 garbage-first heap   total 75776K, used 57494K [0x00000000a4200000, 0x0000000100000000)
  region size 1024K, 24 young (24576K), 4 survivors (4096K)
 Metaspace       used 51718K, committed 51968K, reserved 1114112K
  class space    used 6159K, committed 6272K, reserved 1048576K
}
Event: 4.169 GC heap after
{Heap after GC invocations=14 (full 0):
 garbage-first heap   total 75776K, used 37849K [0x00000000a4200000, 0x0000000100000000)
  region size 1024K, 1 young (1024K), 1 survivors (1024K)
 Metaspace       used 51718K, committed 51968K, reserved 1114112K
  class space    used 6159K, committed 6272K, reserved 1048576K
}
Event: 4.573 GC heap before
{Heap before GC invocations=14 (full 0):
 garbage-first heap   total 75776K, used 58329K [0x00000000a4200000, 0x0000000100000000)
  region size 1024K, 22 young (22528K), 1 survivors (1024K)
 Metaspace       used 53577K, committed 53824K, reserved 1114112K
  class space    used 6327K, committed 6464K, reserved 1048576K
}
Event: 4.583 GC heap after
{Heap after GC invocations=15 (full 0):
 garbage-first heap   total 75776K, used 40952K [0x00000000a4200000, 0x0000000100000000)
  region size 1024K, 3 young (3072K), 3 survivors (3072K)
 Metaspace       used 53577K, committed 53824K, reserved 1114112K
  class space    used 6327K, committed 6464K, reserved 1048576K
}
Event: 4.927 GC heap before
{Heap before GC invocations=16 (full 0):
 garbage-first heap   total 75776K, used 58360K [0x00000000a4200000, 0x0000000100000000)
  region size 1024K, 21 young (21504K), 3 survivors (3072K)
 Metaspace       used 56854K, committed 57152K, reserved 1114112K
  class space    used 6667K, committed 6784K, reserved 1048576K
}
Event: 4.937 GC heap after
{Heap after GC invocations=17 (full 0):
 garbage-first heap   total 75776K, used 43683K [0x00000000a4200000, 0x0000000100000000)
  region size 1024K, 3 young (3072K), 3 survivors (3072K)
 Metaspace       used 56854K, committed 57152K, reserved 1114112K
  class space    used 6667K, committed 6784K, reserved 1048576K
}
Event: 5.261 GC heap before
{Heap before GC invocations=17 (full 0):
 garbage-first heap   total 75776K, used 58019K [0x00000000a4200000, 0x0000000100000000)
  region size 1024K, 18 young (18432K), 3 survivors (3072K)
 Metaspace       used 59462K, committed 59776K, reserved 1114112K
  class space    used 6922K, committed 7040K, reserved 1048576K
}
Event: 5.269 GC heap after
{Heap after GC invocations=18 (full 0):
 garbage-first heap   total 98304K, used 45797K [0x00000000a4200000, 0x0000000100000000)
  region size 1024K, 2 young (2048K), 2 survivors (2048K)
 Metaspace       used 59462K, committed 59776K, reserved 1114112K
  class space    used 6922K, committed 7040K, reserved 1048576K
}

